<?xml version="1.0" encoding="UTF-8"?>
<testng-results skipped="0" failed="0" ignored="0" total="1" passed="1">
  <reporter-output>
    <line>
      <![CDATA[hiii]]>
    </line>
  </reporter-output>
  <suite name="Suite" duration-ms="265" started-at="2017-09-04T19:01:57Z" finished-at="2017-09-04T19:01:57Z">
    <groups>
    </groups>
    <test name="Test" duration-ms="265" started-at="2017-09-04T19:01:57Z" finished-at="2017-09-04T19:01:57Z">
      <class name="qsp.SampleTest">
        <test-method status="PASS" signature="sample()[pri:0, instance:qsp.SampleTest@6d78f375]" name="sample" duration-ms="16" started-at="2017-09-05T00:31:57Z" finished-at="2017-09-05T00:31:57Z">
          <reporter-output>
            <line>
              <![CDATA[hiii]]>
            </line>
          </reporter-output>
        </test-method> <!-- sample -->
      </class> <!-- qsp.SampleTest -->
    </test> <!-- Test -->
  </suite> <!-- Suite -->
</testng-results>
